INFO     15/04 14:29:51   Running geneML version 1.1.1.dev1+gb98a07696
INFO     15/04 14:29:51   Command line: benchmarking_dataset/GCF_000240135.3/chromosomes.fna -o geneml_scores/GCF_000240135.3.gff3 --model models/benchmarking_final.keras --context-length 800 --cores 8 --cpu-only
INFO     15/04 14:29:51   Parameters:
[paths]
  inpath = benchmarking_dataset/GCF_000240135.3/chromosomes.fna
  outpath = geneml_scores/GCF_000240135.3.gff3
  basepath = geneml_scores/GCF_000240135.3
  contigs_filter = None

[model]
  model_path = models/benchmarking_final.keras
  context_length = 800

[gene_calling]
  strand = both
  max_transcripts = 5
  allow_opposite_strand_overlaps = True
  gene_candidates = 5000

[thresholds]
  dynamic_scoring = True
  min_gene_score = 0.5
  min_exon_size = 1
  max_exon_size = 30000
  min_intron_size = 10
  max_intron_size = 400
  cds_start_min_score = 0.01
  cds_end_min_score = 0.01
  exon_start_min_score = 0.01
  exon_end_min_score = 0.01

[outputs]
  output_segs = False
  output_genes = None
  output_proteins = None
  gene_id_prefix = None

[runtime]
  num_cores = 8
  cpu_only = True

[logging]
  debug = False
  verbose = False

[internal_limits]
  single_recurse_max_num_ops = 100000
  recurse_region_max_num_ops = 200000

INFO     15/04 14:29:53   Processing contig NW_001837900.1 of size 2628
INFO     15/04 14:29:53   NW_001837900.1 1/5: Running model on forward strand
INFO     15/04 14:29:53   Processing contig NW_001837897.1 of size 2080
INFO     15/04 14:29:53   NW_001837897.1 1/5: Running model on forward strand
INFO     15/04 14:29:53   Processing contig NC_026476.1 of size 7713129
INFO     15/04 14:29:53   NC_026476.1 1/5: Running model on forward strand
INFO     15/04 14:29:53   Processing contig NW_001837908.1 of size 7037
INFO     15/04 14:29:53   NW_001837908.1 1/5: Running model on forward strand
INFO     15/04 14:29:53   Processing contig NW_001837913.1 of size 10471
INFO     15/04 14:29:53   NW_001837913.1 1/5: Running model on forward strand
INFO     15/04 14:29:53   Processing contig NW_001837898.1 of size 2172
INFO     15/04 14:29:53   NW_001837898.1 1/5: Running model on forward strand
INFO     15/04 14:29:53   Processing contig NW_001837906.1 of size 6062
INFO     15/04 14:29:53   NW_001837906.1 1/5: Running model on forward strand
INFO     15/04 14:29:53   NW_001837900.1 2/5: Running model on reverse strand
INFO     15/04 14:29:53   NW_001837897.1 2/5: Running model on reverse strand
INFO     15/04 14:29:53   Processing contig NC_026474.1 of size 11697295
INFO     15/04 14:29:53   NC_026474.1 1/5: Running model on forward strand
INFO     15/04 14:29:54   NW_001837898.1 2/5: Running model on reverse strand
INFO     15/04 14:29:54   NW_001837908.1 2/5: Running model on reverse strand
INFO     15/04 14:29:54   NW_001837900.1 3/5: Building gene calls on forward strand
INFO     15/04 14:29:54   NW_001837913.1 2/5: Running model on reverse strand
INFO     15/04 14:29:54   NW_001837906.1 2/5: Running model on reverse strand
INFO     15/04 14:29:54   NW_001837897.1 3/5: Building gene calls on forward strand
INFO     15/04 14:29:54   NW_001837898.1 3/5: Building gene calls on forward strand
INFO     15/04 14:29:54   NW_001837908.1 3/5: Building gene calls on forward strand
INFO     15/04 14:29:54   NW_001837913.1 3/5: Building gene calls on forward strand
INFO     15/04 14:29:54   NW_001837906.1 3/5: Building gene calls on forward strand
INFO     15/04 14:30:21   NC_026476.1 2/5: Running model on reverse strand
INFO     15/04 14:30:33   NC_026474.1 2/5: Running model on reverse strand
INFO     15/04 14:30:48   NC_026476.1 3/5: Building gene calls on forward strand
INFO     15/04 14:31:05   NW_001837898.1 4/5: Building gene calls on reverse strand
INFO     15/04 14:31:05   NW_001837898.1 5/5: Selecting best gene calls
INFO     15/04 14:31:06   Finished processing contig NW_001837898.1 in 73.28 seconds, 29.64 bp/s
INFO     15/04 14:31:06   Processing contig NW_001837902.1 of size 2996
INFO     15/04 14:31:06   NW_001837902.1 1/5: Running model on forward strand
INFO     15/04 14:31:06   NW_001837902.1 2/5: Running model on reverse strand
INFO     15/04 14:31:06   NW_001837900.1 4/5: Building gene calls on reverse strand
INFO     15/04 14:31:06   NW_001837900.1 5/5: Selecting best gene calls
INFO     15/04 14:31:06   NW_001837902.1 3/5: Building gene calls on forward strand
INFO     15/04 14:31:06   NW_001837902.1 4/5: Building gene calls on reverse strand
INFO     15/04 14:31:06   NW_001837902.1 5/5: Selecting best gene calls
INFO     15/04 14:31:06   Finished processing contig NW_001837902.1 in 0.68 seconds, 4402.56 bp/s
INFO     15/04 14:31:06   Processing contig NW_001837905.1 of size 6331
INFO     15/04 14:31:06   NW_001837905.1 1/5: Running model on forward strand
INFO     15/04 14:31:07   Finished processing contig NW_001837900.1 in 74.15 seconds, 35.44 bp/s
INFO     15/04 14:31:07   Processing contig NW_001837907.1 of size 7489
INFO     15/04 14:31:07   NW_001837907.1 1/5: Running model on forward strand
INFO     15/04 14:31:07   NW_001837905.1 2/5: Running model on reverse strand
INFO     15/04 14:31:07   NW_001837913.1 4/5: Building gene calls on reverse strand
INFO     15/04 14:31:07   NW_001837913.1 5/5: Selecting best gene calls
INFO     15/04 14:31:07   NW_001837907.1 2/5: Running model on reverse strand
INFO     15/04 14:31:07   NW_001837905.1 3/5: Building gene calls on forward strand
INFO     15/04 14:31:07   NW_001837905.1 4/5: Building gene calls on reverse strand
INFO     15/04 14:31:07   NW_001837905.1 5/5: Selecting best gene calls
INFO     15/04 14:31:07   NW_001837907.1 3/5: Building gene calls on forward strand
INFO     15/04 14:31:07   NW_001837907.1 4/5: Building gene calls on reverse strand
INFO     15/04 14:31:07   NW_001837907.1 5/5: Selecting best gene calls
INFO     15/04 14:31:07   NW_001837908.1 4/5: Building gene calls on reverse strand
INFO     15/04 14:31:07   Finished processing contig NW_001837905.1 in 0.71 seconds, 8959.12 bp/s
INFO     15/04 14:31:07   Processing contig NW_001837915.1 of size 12585
INFO     15/04 14:31:07   NW_001837915.1 1/5: Running model on forward strand
INFO     15/04 14:31:07   Finished processing contig NW_001837907.1 in 0.74 seconds, 10060.55 bp/s
INFO     15/04 14:31:07   Processing contig NC_026477.1 of size 8033942
INFO     15/04 14:31:07   NC_026477.1 1/5: Running model on forward strand
INFO     15/04 14:31:07   NW_001837915.1 2/5: Running model on reverse strand
INFO     15/04 14:31:07   Finished processing contig NW_001837913.1 in 74.99 seconds, 139.64 bp/s
INFO     15/04 14:31:07   Processing contig NW_001837899.1 of size 2326
INFO     15/04 14:31:07   NW_001837899.1 1/5: Running model on forward strand
INFO     15/04 14:31:08   NW_001837899.1 2/5: Running model on reverse strand
INFO     15/04 14:31:08   NW_001837915.1 3/5: Building gene calls on forward strand
INFO     15/04 14:31:08   NW_001837906.1 4/5: Building gene calls on reverse strand
INFO     15/04 14:31:08   NW_001837906.1 5/5: Selecting best gene calls
INFO     15/04 14:31:08   NW_001837899.1 3/5: Building gene calls on forward strand
INFO     15/04 14:31:08   NW_001837899.1 4/5: Building gene calls on reverse strand
INFO     15/04 14:31:08   NW_001837899.1 5/5: Selecting best gene calls
INFO     15/04 14:31:08   NW_001837915.1 4/5: Building gene calls on reverse strand
INFO     15/04 14:31:08   NW_001837915.1 5/5: Selecting best gene calls
INFO     15/04 14:31:08   Finished processing contig NW_001837899.1 in 0.73 seconds, 3208.07 bp/s
INFO     15/04 14:31:08   Processing contig NW_001837904.1 of size 6000
INFO     15/04 14:31:08   NW_001837904.1 1/5: Running model on forward strand
INFO     15/04 14:31:08   Finished processing contig NW_001837906.1 in 75.89 seconds, 79.88 bp/s
INFO     15/04 14:31:08   Processing contig NW_001837903.1 of size 6524
INFO     15/04 14:31:08   NW_001837903.1 1/5: Running model on forward strand
INFO     15/04 14:31:08   NW_001837904.1 2/5: Running model on reverse strand
INFO     15/04 14:31:08   NW_001837897.1 4/5: Building gene calls on reverse strand
INFO     15/04 14:31:09   NW_001837908.1 5/5: Selecting best gene calls
INFO     15/04 14:31:09   NW_001837904.1 3/5: Building gene calls on forward strand
INFO     15/04 14:31:09   NW_001837904.1 4/5: Building gene calls on reverse strand
INFO     15/04 14:31:09   NW_001837904.1 5/5: Selecting best gene calls
INFO     15/04 14:31:09   NW_001837903.1 2/5: Running model on reverse strand
INFO     15/04 14:31:09   Finished processing contig NW_001837915.1 in 1.40 seconds, 9001.21 bp/s
INFO     15/04 14:31:09   Processing contig NW_001837910.1 of size 8774
INFO     15/04 14:31:09   NW_001837910.1 1/5: Running model on forward strand
INFO     15/04 14:31:09   NW_001837903.1 3/5: Building gene calls on forward strand
INFO     15/04 14:31:09   NW_001837903.1 4/5: Building gene calls on reverse strand
INFO     15/04 14:31:09   NW_001837903.1 5/5: Selecting best gene calls
INFO     15/04 14:31:09   NW_001837910.1 2/5: Running model on reverse strand
INFO     15/04 14:31:09   Finished processing contig NW_001837904.1 in 0.84 seconds, 7122.87 bp/s
INFO     15/04 14:31:09   Processing contig NW_001837916.1 of size 15604
INFO     15/04 14:31:09   NW_001837916.1 1/5: Running model on forward strand
INFO     15/04 14:31:09   NW_001837910.1 3/5: Building gene calls on forward strand
INFO     15/04 14:31:09   NW_001837910.1 4/5: Building gene calls on reverse strand
INFO     15/04 14:31:09   NW_001837910.1 5/5: Selecting best gene calls
INFO     15/04 14:31:09   Finished processing contig NW_001837903.1 in 0.84 seconds, 7751.60 bp/s
INFO     15/04 14:31:09   Processing contig NC_026475.1 of size 8914601
INFO     15/04 14:31:09   NC_026475.1 1/5: Running model on forward strand
INFO     15/04 14:31:09   Finished processing contig NW_001837908.1 in 76.80 seconds, 91.63 bp/s
INFO     15/04 14:31:09   NW_001837916.1 2/5: Running model on reverse strand
INFO     15/04 14:31:09   Finished processing contig NW_001837910.1 in 0.89 seconds, 9811.20 bp/s
INFO     15/04 14:31:10   NW_001837916.1 3/5: Building gene calls on forward strand
INFO     15/04 14:31:10   NW_001837916.1 4/5: Building gene calls on reverse strand
INFO     15/04 14:31:10   NW_001837916.1 5/5: Selecting best gene calls
INFO     15/04 14:31:10   Finished processing contig NW_001837916.1 in 1.00 seconds, 15584.20 bp/s
INFO     15/04 14:31:10   NW_001837897.1 5/5: Selecting best gene calls
INFO     15/04 14:31:11   Finished processing contig NW_001837897.1 in 78.39 seconds, 26.53 bp/s
INFO     15/04 14:31:11   NC_026474.1 3/5: Building gene calls on forward strand
INFO     15/04 14:31:37   NC_026477.1 2/5: Running model on reverse strand
INFO     15/04 14:31:41   NC_026475.1 2/5: Running model on reverse strand
INFO     15/04 14:32:02   NC_026477.1 3/5: Building gene calls on forward strand
INFO     15/04 14:32:09   NC_026475.1 3/5: Building gene calls on forward strand
INFO     15/04 14:32:21   num_ops exceeded (115303, 1.8s) for NC_026476.1 forward strand 49149 49198 5005506:0:0.0 5006359:0:0.0
INFO     15/04 14:32:30   NC_026476.1 4/5: Building gene calls on reverse strand
INFO     15/04 14:32:41   NC_026477.1 4/5: Building gene calls on reverse strand
INFO     15/04 14:32:41   NC_026475.1 4/5: Building gene calls on reverse strand
INFO     15/04 14:32:56   NC_026474.1 4/5: Building gene calls on reverse strand
INFO     15/04 14:32:57   NC_026476.1 5/5: Selecting best gene calls
INFO     15/04 14:32:57   Finished processing contig NC_026476.1 in 184.75 seconds, 41748.02 bp/s
INFO     15/04 14:33:03   NC_026477.1 5/5: Selecting best gene calls
INFO     15/04 14:33:03   Finished processing contig NC_026477.1 in 115.94 seconds, 69296.77 bp/s
INFO     15/04 14:33:16   NC_026475.1 5/5: Selecting best gene calls
INFO     15/04 14:33:16   Finished processing contig NC_026475.1 in 126.86 seconds, 70272.15 bp/s
INFO     15/04 14:33:49   num_ops exceeded (179500, 28.0s) for NC_026474.1 reverse strand 43841 43891 4287342:0:0.4 4293197:1:0.1
INFO     15/04 14:34:08   num_ops exceeded (111349, 6.8s) for NC_026474.1 reverse strand 114349 114385 11146228:0:0.0 11148306:3:0.0
INFO     15/04 14:34:13   NC_026474.1 5/5: Selecting best gene calls
INFO     15/04 14:34:13   Finished processing contig NC_026474.1 in 260.82 seconds, 44848.32 bp/s
INFO     15/04 14:34:14   Finished processing all contigs
INFO     15/04 14:34:14   Filtering gene calls by dynamic threshold
INFO     15/04 14:34:14   Dynamic threshold calculated: 0.58 (based on 25430 gene loci)
INFO     15/04 14:34:15   Total predicted transcripts: 15740
INFO     15/04 14:34:15   Total predicted genes: 12845 (1.23 transcripts per gene)
INFO     15/04 14:34:15   Average gene score: 0.909
INFO     15/04 14:34:15   Writing gene predictions to geneml_scores/GCF_000240135.3.gff3
INFO     15/04 14:34:15   Finished processing benchmarking_dataset/GCF_000240135.3/chromosomes.fna, 36.5MB, in 4.40 minutes
